{"C:\\Users\\cody\\dev\\wglt\\src\\rng.ts": {"path":"C:\\Users\\cody\\dev\\wglt\\src\\rng.ts","statementMap":{"0":{"start":{"line":21,"column":4},"end":{"line":21,"column":24}},"1":{"start":{"line":22,"column":4},"end":{"line":22,"column":24}},"2":{"start":{"line":23,"column":4},"end":{"line":23,"column":19}},"3":{"start":{"line":24,"column":4},"end":{"line":24,"column":27}},"4":{"start":{"line":28,"column":4},"end":{"line":28,"column":57}},"5":{"start":{"line":29,"column":4},"end":{"line":29,"column":22}},"6":{"start":{"line":37,"column":4},"end":{"line":37,"column":41}},"7":{"start":{"line":48,"column":22},"end":{"line":48,"column":33}},"8":{"start":{"line":49,"column":25},"end":{"line":49,"column":48}},"9":{"start":{"line":50,"column":4},"end":{"line":50,"column":52}},"10":{"start":{"line":54,"column":18},"end":{"line":54,"column":49}},"11":{"start":{"line":54,"column":43},"end":{"line":54,"column":48}},"12":{"start":{"line":55,"column":17},"end":{"line":55,"column":45}},"13":{"start":{"line":56,"column":23},"end":{"line":56,"column":24}},"14":{"start":{"line":58,"column":4},"end":{"line":63,"column":5}},"15":{"start":{"line":59,"column":6},"end":{"line":59,"column":33}},"16":{"start":{"line":60,"column":6},"end":{"line":62,"column":7}},"17":{"start":{"line":61,"column":8},"end":{"line":61,"column":17}},"18":{"start":{"line":65,"column":4},"end":{"line":65,"column":30}},"19":{"start":{"line":69,"column":29},"end":{"line":69,"column":31}},"20":{"start":{"line":70,"column":30},"end":{"line":70,"column":32}},"21":{"start":{"line":72,"column":4},"end":{"line":77,"column":5}},"22":{"start":{"line":73,"column":6},"end":{"line":76,"column":7}},"23":{"start":{"line":74,"column":8},"end":{"line":74,"column":30}},"24":{"start":{"line":75,"column":8},"end":{"line":75,"column":43}},"25":{"start":{"line":79,"column":4},"end":{"line":79,"column":45}},"26":{"start":{"line":8,"column":0},"end":{"line":81,"column":1}}},"fnMap":{"0":{"name":"(anonymous_0)","decl":{"start":{"line":19,"column":2},"end":{"line":19,"column":13}},"loc":{"start":{"line":19,"column":27},"end":{"line":25,"column":3}}},"1":{"name":"(anonymous_1)","decl":{"start":{"line":27,"column":10},"end":{"line":27,"column":16}},"loc":{"start":{"line":27,"column":17},"end":{"line":30,"column":3}}},"2":{"name":"(anonymous_2)","decl":{"start":{"line":35,"column":2},"end":{"line":35,"column":10}},"loc":{"start":{"line":35,"column":11},"end":{"line":38,"column":3}}},"3":{"name":"(anonymous_3)","decl":{"start":{"line":45,"column":2},"end":{"line":45,"column":10}},"loc":{"start":{"line":45,"column":38},"end":{"line":51,"column":3}}},"4":{"name":"(anonymous_4)","decl":{"start":{"line":53,"column":2},"end":{"line":53,"column":12}},"loc":{"start":{"line":53,"column":31},"end":{"line":66,"column":3}}},"5":{"name":"(anonymous_5)","decl":{"start":{"line":54,"column":33},"end":{"line":54,"column":34}},"loc":{"start":{"line":54,"column":43},"end":{"line":54,"column":48}}},"6":{"name":"(anonymous_6)","decl":{"start":{"line":68,"column":2},"end":{"line":68,"column":10}},"loc":{"start":{"line":68,"column":47},"end":{"line":80,"column":3}}}},"branchMap":{"0":{"loc":{"start":{"line":24,"column":17},"end":{"line":24,"column":21}},"type":"binary-expr","locations":[{"start":{"line":24,"column":17},"end":{"line":24,"column":21}},{"start":{"line":24,"column":25},"end":{"line":24,"column":26}}]},"1":{"loc":{"start":{"line":60,"column":6},"end":{"line":62,"column":7}},"type":"if","locations":[{"start":{"line":60,"column":6},"end":{"line":62,"column":7}},{"start":{"line":60,"column":6},"end":{"line":62,"column":7}}]},"2":{"loc":{"start":{"line":73,"column":6},"end":{"line":76,"column":7}},"type":"if","locations":[{"start":{"line":73,"column":6},"end":{"line":76,"column":7}},{"start":{"line":73,"column":6},"end":{"line":76,"column":7}}]}},"s":{"0":5,"1":5,"2":5,"3":5,"4":3002,"5":3002,"6":1,"7":3001,"8":3001,"9":3001,"10":3000,"11":3000,"12":3000,"13":3000,"14":3000,"15":4037,"16":4037,"17":3000,"18":0,"19":1000,"20":1000,"21":1000,"22":2000,"23":2000,"24":2000,"25":1000,"26":1},"f":{"0":5,"1":3002,"2":1,"3":3001,"4":3000,"5":3000,"6":1000},"b":{"0":[5,0],"1":[3000,1037],"2":[2000,0]}}
}
