TN:
SF:C:\Users\cody\dev\wglt\src\rng.ts
FN:19,(anonymous_0)
FN:27,(anonymous_1)
FN:35,(anonymous_2)
FN:45,(anonymous_3)
FN:53,(anonymous_4)
FN:54,(anonymous_5)
FN:68,(anonymous_6)
FNF:7
FNH:7
FNDA:5,(anonymous_0)
FNDA:3002,(anonymous_1)
FNDA:1,(anonymous_2)
FNDA:3001,(anonymous_3)
FNDA:3000,(anonymous_4)
FNDA:3000,(anonymous_5)
FNDA:1000,(anonymous_6)
DA:8,1
DA:21,5
DA:22,5
DA:23,5
DA:24,5
DA:28,3002
DA:29,3002
DA:37,1
DA:48,3001
DA:49,3001
DA:50,3001
DA:54,3000
DA:55,3000
DA:56,3000
DA:58,3000
DA:59,4037
DA:60,4037
DA:61,3000
DA:65,0
DA:69,1000
DA:70,1000
DA:72,1000
DA:73,2000
DA:74,2000
DA:75,2000
DA:79,1000
LF:26
LH:25
BRDA:24,0,0,5
BRDA:24,0,1,0
BRDA:60,1,0,3000
BRDA:60,1,1,1037
BRDA:73,2,0,2000
BRDA:73,2,1,0
BRF:6
BRH:4
end_of_record
